Partition Assistant log is as follows:

====================== System Information ======================
Module Path: C:\Program Files\Partition\PartAssist.exe
Product Name: Microsoft Windows XP
Service Package: Service Pack 2
OS Version: 5.1
Total Memory: 3583 MB
Available Memory: 3069 MB
System Root: C:\WINDOWS
Processor Architecture: x86
Processor Number: 2
Current Time: 2024-5-1 22:19:28
================================================================

AOMEI Partition Assistant 8.7 Standard Edition
[0       ]disk.cpp(169) Disk0 is removble use?0
[0       ]disk.cpp(169) Disk1 is removble use?0
[0       ]disk.cpp(169) Disk2 is removble use?0
[21      ]disk.cpp(252): Failed to IOCTL_DISK_GET_DRIVE_GEOMETRY. Disk Index: 3
[21      ]disk.cpp(252): Failed to IOCTL_DISK_GET_DRIVE_GEOMETRY. Disk Index: 4
[21      ]disk.cpp(252): Failed to IOCTL_DISK_GET_DRIVE_GEOMETRY. Disk Index: 5
[21      ]disk.cpp(252): Failed to IOCTL_DISK_GET_DRIVE_GEOMETRY. Disk Index: 6



//////////////////////////// Reload Disk Information ////////////////////////////


Disks Summary:
================================================================
Disk Index	Total Sector		Geometry			Product Name
----------	------------		--------			------------
0		234441648 (111.79GB)	(14593,255,63,512)		Samsung SSD 840 EVO 120GB (Base Disk)
1		156250000 (74.51GB)	(22501,224,31,512)		WDC WD800JD-75MSA3 (Base Disk)
2		976773168 (465.76GB)	(60801,255,63,512)		SAMSUNG HD502IJ (Base Disk)


Partitions Summary:
================================================================
Disk	Partition	Drive Letter	File System	Total Sector		Used Sector		Free Sector		Partition Status	Pri/Log		DBR Start Sector	End Sector      			MBR Start Sector			Cluster Size	Volume Label
----	---------	------------	-----------	------------		-----------		-----------		----------------	-------		----------------	----------------			----------------			------------	------------
0	1		C:		NTFS(3.1)   	104854206  (50.00GB)	28333064   (13.51GB)	76521142   (36.49GB)	Act Boot Sys        	Primary		2048           		104856254      (6526,254,63)		0           (0,32,33)			8		NAME51
0	2		H:		NTFS(3.1)   	129580289  (61.79GB)	74219040   (35.39GB)	55361249   (26.40GB)	None                	Primary		104856255      		234436544      (14592,254,63)		0           (6527,0,1)			8		NAME55_SSD

1	1		*:		NTFS(3.1)   	104852221  (50.00GB)	28323000   (13.51GB)	76529221   (36.49GB)	Act                 	Primary		2048           		104854269      (15099,219,25)		0           (0,66,3)			8		NAME51
1	0		*:		Unallocated 	51391634   (24.51GB)	0          (0KB)	51391634   (24.51GB)	None                	Logical		104854270      		156245903      (22500,190,14)		104854270   (15099,219,26)			0		

2	0		*:		Unallocated 	16065      (7.84MB)	0          (0KB)	16065      (7.84MB)	None                	Logical		0              		16064          (0,254,63)		0           (0,0,1)			0		
2	1		X:		NTFS(3.1)   	71665901   (34.17GB)	43285480   (20.64GB)	28380421   (13.53GB)	None                	Logical		16128          		71682029       (4461,254,63)		16065       (1,0,1)			8		NAME51_SSUNG500
2	2		D:		NTFS(3.1)   	905069906  (431.57GB)	863898312  (411.94GB)	41171594   (19.63GB)	None                	Logical		71682093       		976751999      (60799,254,63)		71682030    (4462,0,1)			8		NAME52
2	0		*:		Unallocated 	17072      (8.34MB)	0          (0KB)	17072      (8.34MB)	None                	Logical		976752000      		976769071      (60801,15,62)		976752000   (60800,0,1)			0		

================================================================
AOMEI Partition Assistant Is Working...
 
[0       ]MainFrm.cpp(3794): Download upgrade file failed.

==========================User Operations==============================
1.Creating Partition
	Hard Disk:		2
 	Drive Letter:		O:
 	File System:		NTFS
 	Partition Label:	
 	Size:			24.50GB
 	Start Sector:		104854400
 	PtStart Sector:		104854400
 	Total Sector:		51385599
 	PtTotal Sector:		51385600
 	Logical/Primary:	Primary
 	Cluster Size:		8

2.Formatting Partition
	Hard Disk:		2
 	Drive Letter:		O:
 	File System:		NTFS => NTFS
 	Partition Label:	 => NAME56D
 	Size:			24.50GB
 	Start Sector:		104854400
 	PtStart Sector:		104854400
 	Total Sector:		51385599
 	PtTotal Sector:		51385600
 	Cluster Size:		8 => 8

=======================================================================

[0       ]disk.cpp(169) Disk0 is removble use?0
[0       ]disk.cpp(169) Disk1 is removble use?0
[0       ]disk.cpp(169) Disk2 is removble use?0
[21      ]disk.cpp(252): Failed to IOCTL_DISK_GET_DRIVE_GEOMETRY. Disk Index: 3
[21      ]disk.cpp(252): Failed to IOCTL_DISK_GET_DRIVE_GEOMETRY. Disk Index: 4
[21      ]disk.cpp(252): Failed to IOCTL_DISK_GET_DRIVE_GEOMETRY. Disk Index: 5
[21      ]disk.cpp(252): Failed to IOCTL_DISK_GET_DRIVE_GEOMETRY. Disk Index: 6



//////////////////////////// Reload Disk Information ////////////////////////////


Disks Summary:
================================================================
Disk Index	Total Sector		Geometry			Product Name
----------	------------		--------			------------
0		234441648 (111.79GB)	(14593,255,63,512)		Samsung SSD 840 EVO 120GB (Base Disk)
1		156250000 (74.51GB)	(22501,224,31,512)		WDC WD800JD-75MSA3 (Base Disk)
2		976773168 (465.76GB)	(60801,255,63,512)		SAMSUNG HD502IJ (Base Disk)


Partitions Summary:
================================================================
Disk	Partition	Drive Letter	File System	Total Sector		Used Sector		Free Sector		Partition Status	Pri/Log		DBR Start Sector	End Sector      			MBR Start Sector			Cluster Size	Volume Label
----	---------	------------	-----------	------------		-----------		-----------		----------------	-------		----------------	----------------			----------------			------------	------------
0	1		C:		NTFS(3.1)   	104854206  (50.00GB)	28333048   (13.51GB)	76521158   (36.49GB)	Act Boot Sys        	Primary		2048           		104856254      (6526,254,63)		0           (0,32,33)			8		NAME51
0	2		H:		NTFS(3.1)   	129580289  (61.79GB)	74219040   (35.39GB)	55361249   (26.40GB)	None                	Primary		104856255      		234436544      (14592,254,63)		0           (6527,0,1)			8		NAME55_SSD

1	1		*:		NTFS(3.1)   	104852221  (50.00GB)	28323000   (13.51GB)	76529221   (36.49GB)	Act                 	Primary		2048           		104854269      (15099,219,25)		0           (0,66,3)			8		NAME51
1	2		O:		NTFS(3.1)   	51385599   (24.50GB)	133552     (65.21MB)	51252047   (24.44GB)	None                	Primary		104854400      		156239999      (22499,223,31)		0           (15100,0,1)			8		NAME56D

2	0		*:		Unallocated 	16065      (7.84MB)	0          (0KB)	16065      (7.84MB)	None                	Logical		0              		16064          (0,254,63)		0           (0,0,1)			0		
2	1		X:		NTFS(3.1)   	71665901   (34.17GB)	43285480   (20.64GB)	28380421   (13.53GB)	None                	Logical		16128          		71682029       (4461,254,63)		16065       (1,0,1)			8		NAME51_SSUNG500
2	2		D:		NTFS(3.1)   	905069906  (431.57GB)	863898312  (411.94GB)	41171594   (19.63GB)	None                	Logical		71682093       		976751999      (60799,254,63)		71682030    (4462,0,1)			8		NAME52
2	0		*:		Unallocated 	17072      (8.34MB)	0          (0KB)	17072      (8.34MB)	None                	Logical		976752000      		976769071      (60801,15,62)		976752000   (60800,0,1)			0		

