Partition Assistant log is as follows:

====================== System Information ======================
Module Path: C:\Program Files\Partition\PartAssist.exe
Product Name: Microsoft Windows XP
Service Package: Service Pack 2
OS Version: 5.1
Total Memory: 3583 MB
Available Memory: 3102 MB
System Root: C:\WINDOWS
Processor Architecture: x86
Processor Number: 2
Current Time: 2024-2-7 13:50:55
================================================================

AOMEI Partition Assistant 8.7 Standard Edition
[0       ]disk.cpp(169) Disk0 is removble use?0
[0       ]disk.cpp(169) Disk1 is removble use?0
[0       ]disk.cpp(169) Disk2 is removble use?0
[21      ]disk.cpp(252): Failed to IOCTL_DISK_GET_DRIVE_GEOMETRY. Disk Index: 3
[21      ]disk.cpp(252): Failed to IOCTL_DISK_GET_DRIVE_GEOMETRY. Disk Index: 4
[21      ]disk.cpp(252): Failed to IOCTL_DISK_GET_DRIVE_GEOMETRY. Disk Index: 5
[21      ]disk.cpp(252): Failed to IOCTL_DISK_GET_DRIVE_GEOMETRY. Disk Index: 6



//////////////////////////// Reload Disk Information ////////////////////////////


Disks Summary:
================================================================
Disk Index	Total Sector		Geometry			Product Name
----------	------------		--------			------------
0		234441648 (111.79GB)	(14593,255,63,512)		Samsung SSD 840 EVO 120GB (Base Disk)
1		1953525168 (931.51GB)	(121601,255,63,512)		WDC WD10EZEX-08M2NA0 (Base Disk)
2		976773168 (465.76GB)	(60801,255,63,512)		SAMSUNG HD502IJ (Base Disk)


Partitions Summary:
================================================================
Disk	Partition	Drive Letter	File System	Total Sector		Used Sector		Free Sector		Partition Status	Pri/Log		DBR Start Sector	End Sector      			MBR Start Sector			Cluster Size	Volume Label
----	---------	------------	-----------	------------		-----------		-----------		----------------	-------		----------------	----------------			----------------			------------	------------
0	1		C:		NTFS(3.1)   	104854206  (50.00GB)	28001320   (13.35GB)	76852886   (36.65GB)	Act Boot Sys        	Primary		2048           		104856254      (6526,254,63)		0           (0,32,33)			8		NAME51
0	2		H:		NTFS(3.1)   	129580289  (61.79GB)	17873040   (8.52GB)	111707249  (53.27GB)	None                	Primary		104856255      		234436544      (14592,254,63)		0           (6527,0,1)			8		NAME55SSD

1	1		E:		NTFS(3.1)   	1953520001 (931.51GB)	1900916192 (906.43GB)	52603809   (25.08GB)	None                	Primary		63             		1953520064     (121600,254,63)		0           (0,1,1)			8		NAME54

2	1		X:		NTFS(3.1)   	71681966   (34.18GB)	20802552   (9.92GB)	50879414   (24.26GB)	Act                 	Primary		63             		71682029       (4461,254,63)		0           (0,1,1)			8		NAME50
2	2		D:		NTFS(3.1)   	905069906  (431.57GB)	877015672  (418.19GB)	28054234   (13.38GB)	None                	Logical		71682093       		976751999      (60799,254,63)		71682030    (4462,0,1)			8		NAME52
2	0		*:		Unallocated 	17072      (8.34MB)	0          (0KB)	17072      (8.34MB)	None                	Logical		976752000      		976769071      (60801,15,62)		976752000   (60800,0,1)			0		

================================================================
AOMEI Partition Assistant Is Working...
 
[0       ]MainFrm.cpp(3794): Download upgrade file failed.

==========================User Operations==============================
1.Deleting Partition
	Hard Disk:		3
 	Drive Letter:		X:
 	File System:		NTFS
 	Partition Label:	NAME50
 	Size:			34.18GB
 	Start Sector:		63
 	PtStart Sector:		63
 	Total Sector:		71681966
 	Wipe Data:		NO

=======================================================================

[0       ]disk.cpp(169) Disk0 is removble use?0
[0       ]disk.cpp(169) Disk1 is removble use?0
[0       ]disk.cpp(169) Disk2 is removble use?0
[21      ]disk.cpp(252): Failed to IOCTL_DISK_GET_DRIVE_GEOMETRY. Disk Index: 3
[21      ]disk.cpp(252): Failed to IOCTL_DISK_GET_DRIVE_GEOMETRY. Disk Index: 4
[21      ]disk.cpp(252): Failed to IOCTL_DISK_GET_DRIVE_GEOMETRY. Disk Index: 5
[21      ]disk.cpp(252): Failed to IOCTL_DISK_GET_DRIVE_GEOMETRY. Disk Index: 6



//////////////////////////// Reload Disk Information ////////////////////////////


Disks Summary:
================================================================
Disk Index	Total Sector		Geometry			Product Name
----------	------------		--------			------------
0		234441648 (111.79GB)	(14593,255,63,512)		Samsung SSD 840 EVO 120GB (Base Disk)
1		1953525168 (931.51GB)	(121601,255,63,512)		WDC WD10EZEX-08M2NA0 (Base Disk)
2		976773168 (465.76GB)	(60801,255,63,512)		SAMSUNG HD502IJ (Base Disk)


Partitions Summary:
================================================================
Disk	Partition	Drive Letter	File System	Total Sector		Used Sector		Free Sector		Partition Status	Pri/Log		DBR Start Sector	End Sector      			MBR Start Sector			Cluster Size	Volume Label
----	---------	------------	-----------	------------		-----------		-----------		----------------	-------		----------------	----------------			----------------			------------	------------
0	1		C:		NTFS(3.1)   	104854206  (50.00GB)	28001312   (13.35GB)	76852894   (36.65GB)	Act Boot Sys        	Primary		2048           		104856254      (6526,254,63)		0           (0,32,33)			8		NAME51
0	2		H:		NTFS(3.1)   	129580289  (61.79GB)	17873040   (8.52GB)	111707249  (53.27GB)	None                	Primary		104856255      		234436544      (14592,254,63)		0           (6527,0,1)			8		NAME55SSD

1	1		E:		NTFS(3.1)   	1953520001 (931.51GB)	1900916192 (906.43GB)	52603809   (25.08GB)	None                	Primary		63             		1953520064     (121600,254,63)		0           (0,1,1)			8		NAME54

2	0		*:		Unallocated 	71682030   (34.18GB)	0          (0KB)	71682030   (34.18GB)	None                	Logical		0              		71682029       (4461,254,63)		0           (0,0,1)			0		
2	2		D:		NTFS(3.1)   	905069906  (431.57GB)	877015672  (418.19GB)	28054234   (13.38GB)	None                	Logical		71682093       		976751999      (60799,254,63)		71682030    (4462,0,1)			8		NAME52
2	0		*:		Unallocated 	17072      (8.34MB)	0          (0KB)	17072      (8.34MB)	None                	Logical		976752000      		976769071      (60801,15,62)		976752000   (60800,0,1)			0		

[0       ]operation.cpp(2104): MoveResize operation to fail.

==========================User Operations==============================
1.Creating Partition
	Hard Disk:		3
 	Drive Letter:		X:
 	File System:		NTFS
 	Partition Label:	
 	Size:			34.17GB
 	Start Sector:		16128
 	PtStart Sector:		16065
 	Total Sector:		71665901
 	PtTotal Sector:		71665902
 	Logical/Primary:	Logical
 	Cluster Size:		8

2.Formatting Partition
	Hard Disk:		3
 	Drive Letter:		X:
 	File System:		NTFS => NTFS
 	Partition Label:	 => NAME51_SSUNG500
 	Size:			34.17GB
 	Start Sector:		16128
 	PtStart Sector:		16065
 	Total Sector:		71665901
 	PtTotal Sector:		71665902
 	Cluster Size:		8 => 8

=======================================================================

[0       ]disk.cpp(169) Disk0 is removble use?0
[0       ]disk.cpp(169) Disk1 is removble use?0
[0       ]disk.cpp(169) Disk2 is removble use?0
[21      ]disk.cpp(252): Failed to IOCTL_DISK_GET_DRIVE_GEOMETRY. Disk Index: 3
[21      ]disk.cpp(252): Failed to IOCTL_DISK_GET_DRIVE_GEOMETRY. Disk Index: 4
[21      ]disk.cpp(252): Failed to IOCTL_DISK_GET_DRIVE_GEOMETRY. Disk Index: 5
[21      ]disk.cpp(252): Failed to IOCTL_DISK_GET_DRIVE_GEOMETRY. Disk Index: 6



//////////////////////////// Reload Disk Information ////////////////////////////


Disks Summary:
================================================================
Disk Index	Total Sector		Geometry			Product Name
----------	------------		--------			------------
0		234441648 (111.79GB)	(14593,255,63,512)		Samsung SSD 840 EVO 120GB (Base Disk)
1		1953525168 (931.51GB)	(121601,255,63,512)		WDC WD10EZEX-08M2NA0 (Base Disk)
2		976773168 (465.76GB)	(60801,255,63,512)		SAMSUNG HD502IJ (Base Disk)


Partitions Summary:
================================================================
Disk	Partition	Drive Letter	File System	Total Sector		Used Sector		Free Sector		Partition Status	Pri/Log		DBR Start Sector	End Sector      			MBR Start Sector			Cluster Size	Volume Label
----	---------	------------	-----------	------------		-----------		-----------		----------------	-------		----------------	----------------			----------------			------------	------------
0	1		C:		NTFS(3.1)   	104854206  (50.00GB)	28001376   (13.35GB)	76852830   (36.65GB)	Act Boot Sys        	Primary		2048           		104856254      (6526,254,63)		0           (0,32,33)			8		NAME51
0	2		H:		NTFS(3.1)   	129580289  (61.79GB)	17873040   (8.52GB)	111707249  (53.27GB)	None                	Primary		104856255      		234436544      (14592,254,63)		0           (6527,0,1)			8		NAME55SSD

1	1		E:		NTFS(3.1)   	1953520001 (931.51GB)	1900916192 (906.43GB)	52603809   (25.08GB)	None                	Primary		63             		1953520064     (121600,254,63)		0           (0,1,1)			8		NAME54

2	0		*:		Unallocated 	16065      (7.84MB)	0          (0KB)	16065      (7.84MB)	None                	Logical		0              		16064          (0,254,63)		0           (0,0,1)			0		
2	1		X:		NTFS(3.1)   	71665901   (34.17GB)	134168     (65.51MB)	71531733   (34.11GB)	None                	Logical		16128          		71682029       (4461,254,63)		16065       (1,0,1)			8		NAME51_SSUNG500
2	2		D:		NTFS(3.1)   	905069906  (431.57GB)	877015672  (418.19GB)	28054234   (13.38GB)	None                	Logical		71682093       		976751999      (60799,254,63)		71682030    (4462,0,1)			8		NAME52
2	0		*:		Unallocated 	17072      (8.34MB)	0          (0KB)	17072      (8.34MB)	None                	Logical		976752000      		976769071      (60801,15,62)		976752000   (60800,0,1)			0		


==========================User Operations==============================
1.Setting Partition Label
	Hard Disk:		1
 	Drive Letter:		H:
 	File System:		NTFS
 	Partition Label:	NAME55SSD => NAME55_SSD
 	Size:			61.79GB
 	Start Sector:		104856255

=======================================================================

[0       ]disk.cpp(169) Disk0 is removble use?0
[0       ]disk.cpp(169) Disk1 is removble use?0
[0       ]disk.cpp(169) Disk2 is removble use?0
[21      ]disk.cpp(252): Failed to IOCTL_DISK_GET_DRIVE_GEOMETRY. Disk Index: 3
[21      ]disk.cpp(252): Failed to IOCTL_DISK_GET_DRIVE_GEOMETRY. Disk Index: 4
[21      ]disk.cpp(252): Failed to IOCTL_DISK_GET_DRIVE_GEOMETRY. Disk Index: 5
[21      ]disk.cpp(252): Failed to IOCTL_DISK_GET_DRIVE_GEOMETRY. Disk Index: 6



//////////////////////////// Reload Disk Information ////////////////////////////


Disks Summary:
================================================================
Disk Index	Total Sector		Geometry			Product Name
----------	------------		--------			------------
0		234441648 (111.79GB)	(14593,255,63,512)		Samsung SSD 840 EVO 120GB (Base Disk)
1		1953525168 (931.51GB)	(121601,255,63,512)		WDC WD10EZEX-08M2NA0 (Base Disk)
2		976773168 (465.76GB)	(60801,255,63,512)		SAMSUNG HD502IJ (Base Disk)


Partitions Summary:
================================================================
Disk	Partition	Drive Letter	File System	Total Sector		Used Sector		Free Sector		Partition Status	Pri/Log		DBR Start Sector	End Sector      			MBR Start Sector			Cluster Size	Volume Label
----	---------	------------	-----------	------------		-----------		-----------		----------------	-------		----------------	----------------			----------------			------------	------------
0	1		C:		NTFS(3.1)   	104854206  (50.00GB)	28001424   (13.35GB)	76852782   (36.65GB)	Act Boot Sys        	Primary		2048           		104856254      (6526,254,63)		0           (0,32,33)			8		NAME51
0	2		H:		NTFS(3.1)   	129580289  (61.79GB)	17873040   (8.52GB)	111707249  (53.27GB)	None                	Primary		104856255      		234436544      (14592,254,63)		0           (6527,0,1)			8		NAME55_SSD

1	1		E:		NTFS(3.1)   	1953520001 (931.51GB)	1900916192 (906.43GB)	52603809   (25.08GB)	None                	Primary		63             		1953520064     (121600,254,63)		0           (0,1,1)			8		NAME54

2	0		*:		Unallocated 	16065      (7.84MB)	0          (0KB)	16065      (7.84MB)	None                	Logical		0              		16064          (0,254,63)		0           (0,0,1)			0		
2	1		X:		NTFS(3.1)   	71665901   (34.17GB)	134168     (65.51MB)	71531733   (34.11GB)	None                	Logical		16128          		71682029       (4461,254,63)		16065       (1,0,1)			8		NAME51_SSUNG500
2	2		D:		NTFS(3.1)   	905069906  (431.57GB)	877015672  (418.19GB)	28054234   (13.38GB)	None                	Logical		71682093       		976751999      (60799,254,63)		71682030    (4462,0,1)			8		NAME52
2	0		*:		Unallocated 	17072      (8.34MB)	0          (0KB)	17072      (8.34MB)	None                	Logical		976752000      		976769071      (60801,15,62)		976752000   (60800,0,1)			0		

