Partition Assistant log is as follows:

====================== System Information ======================
Module Path: C:\Program Files\Partition\PartAssist.exe
Product Name: Microsoft Windows XP
Service Package: Service Pack 2
OS Version: 5.1
Total Memory: 3583 MB
Available Memory: 3105 MB
System Root: C:\WINDOWS
Processor Architecture: x86
Processor Number: 2
Current Time: 2024-5-3 1:47:6
================================================================

AOMEI Partition Assistant 8.7 Standard Edition
[0       ]disk.cpp(169) Disk0 is removble use?0
[0       ]disk.cpp(169) Disk1 is removble use?0
[0       ]disk.cpp(169) Disk2 is removble use?0
[0       ]disk.cpp(169) Disk3 is removble use?0
[21      ]disk.cpp(252): Failed to IOCTL_DISK_GET_DRIVE_GEOMETRY. Disk Index: 4
[21      ]disk.cpp(252): Failed to IOCTL_DISK_GET_DRIVE_GEOMETRY. Disk Index: 5
[21      ]disk.cpp(252): Failed to IOCTL_DISK_GET_DRIVE_GEOMETRY. Disk Index: 6
[21      ]disk.cpp(252): Failed to IOCTL_DISK_GET_DRIVE_GEOMETRY. Disk Index: 7



//////////////////////////// Reload Disk Information ////////////////////////////


Disks Summary:
================================================================
Disk Index	Total Sector		Geometry			Product Name
----------	------------		--------			------------
0		976773168 (465.76GB)	(60801,255,63,512)		TOSHIBA DT01ACA050 (Base Disk)
1		3907029168 (1863.02GB)	(243201,255,63,512)		ST2000NM0033-9ZM175 (Base Disk)
2		976773168 (465.76GB)	(60801,255,63,512)		SAMSUNG HD502IJ (Base Disk)
3		234441648 (111.79GB)	(14593,255,63,512)		Samsung SSD 840 EVO 120GB (Base Disk)


Partitions Summary:
================================================================
Disk	Partition	Drive Letter	File System	Total Sector		Used Sector		Free Sector		Partition Status	Pri/Log		DBR Start Sector	End Sector      			MBR Start Sector			Cluster Size	Volume Label
----	---------	------------	-----------	------------		-----------		-----------		----------------	-------		----------------	----------------			----------------			------------	------------
0	0		*:		Unallocated 	976769072  (465.76GB)	0          (0KB)	976769072  (465.76GB)	None                	Logical		0              		976769071      (60801,15,62)		0           (0,0,1)			0		

1	1		E:		NTFS(3.1)   	3907024001 (1863.01GB)	2587135808 (1233.64GB)	1319888193 (629.37GB)	None                	Primary		63             		3907024064     (243200,254,63)		0           (0,1,1)			8		NAME57

2	0		*:		Unallocated 	16065      (7.84MB)	0          (0KB)	16065      (7.84MB)	None                	Logical		0              		16064          (0,254,63)		0           (0,0,1)			0		
2	1		X:		NTFS(3.1)   	71665901   (34.17GB)	43285496   (20.64GB)	28380405   (13.53GB)	None                	Logical		16128          		71682029       (4461,254,63)		16065       (1,0,1)			8		NAME51_SSUNG500
2	2		D:		NTFS(3.1)   	905069906  (431.57GB)	865934784  (412.91GB)	39135122   (18.66GB)	None                	Logical		71682093       		976751999      (60799,254,63)		71682030    (4462,0,1)			8		NAME52
2	0		*:		Unallocated 	17072      (8.34MB)	0          (0KB)	17072      (8.34MB)	None                	Logical		976752000      		976769071      (60801,15,62)		976752000   (60800,0,1)			0		

3	1		C:		NTFS(3.1)   	104854206  (50.00GB)	28508272   (13.59GB)	76345934   (36.40GB)	Act Boot Sys        	Primary		2048           		104856254      (6526,254,63)		0           (0,32,33)			8		NAME51
3	2		H:		NTFS(3.1)   	129580289  (61.79GB)	73624216   (35.11GB)	55956073   (26.68GB)	None                	Primary		104856255      		234436544      (14592,254,63)		0           (6527,0,1)			8		NAME55_SSD

================================================================
AOMEI Partition Assistant Is Working...
 
[0       ]MainFrm.cpp(3794): Download upgrade file failed.

==========================User Operations==============================
1.Copying Partition
	Source Disk Number:	3
	Destination Disk Number:1
	Drive Letter:		D: => F:
	Size:			431.57GB => 465.75GB

=======================================================================

[0       ]ntfscpy.cpp(49): Begin move NTFS Volume.
[998     ]ntfscpy.cpp(288): ReadSector Bad cluster, Start sector: 171152039, count: 1
[998     ]ntfscpy.cpp(288): ReadSector Bad cluster, Start sector: 171152040, count: 1
[998     ]ntfscpy.cpp(288): ReadSector Bad cluster, Start sector: 171152041, count: 1
[998     ]ntfscpy.cpp(288): ReadSector Bad cluster, Start sector: 171152042, count: 1
[998     ]ntfscpy.cpp(288): ReadSector Bad cluster, Start sector: 171152043, count: 1
[998     ]ntfscpy.cpp(288): ReadSector Bad cluster, Start sector: 171152044, count: 1
[998     ]ntfscpy.cpp(288): ReadSector Bad cluster, Start sector: 171152045, count: 1
[998     ]ntfscpy.cpp(288): ReadSector Bad cluster, Start sector: 171152046, count: 1
[998     ]ntfscpy.cpp(288): ReadSector Bad cluster, Start sector: 171152047, count: 1
[998     ]ntfscpy.cpp(302): WriteSector Bad cluster, Start sector: 171153672, count: 16384
[998     ]ntfscpy.cpp(288): ReadSector Bad cluster, Start sector: 171168423, count: 1
[998     ]ntfscpy.cpp(288): ReadSector Bad cluster, Start sector: 171168424, count: 1
[998     ]ntfscpy.cpp(288): ReadSector Bad cluster, Start sector: 171168425, count: 1
[998     ]ntfscpy.cpp(288): ReadSector Bad cluster, Start sector: 171168426, count: 1
[998     ]ntfscpy.cpp(288): ReadSector Bad cluster, Start sector: 171168427, count: 1
[998     ]ntfscpy.cpp(288): ReadSector Bad cluster, Start sector: 171168428, count: 1
[998     ]ntfscpy.cpp(288): ReadSector Bad cluster, Start sector: 171168429, count: 1
[998     ]ntfscpy.cpp(288): ReadSector Bad cluster, Start sector: 171168430, count: 1
[998     ]ntfscpy.cpp(288): ReadSector Bad cluster, Start sector: 171168431, count: 1
[998     ]ntfscpy.cpp(302): WriteSector Bad cluster, Start sector: 171170056, count: 16384
[998     ]ntfscpy.cpp(288): ReadSector Bad cluster, Start sector: 171184807, count: 1
[998     ]ntfscpy.cpp(288): ReadSector Bad cluster, Start sector: 171184808, count: 1
[998     ]ntfscpy.cpp(288): ReadSector Bad cluster, Start sector: 171184809, count: 1
[998     ]ntfscpy.cpp(288): ReadSector Bad cluster, Start sector: 171184810, count: 1
[998     ]ntfscpy.cpp(288): ReadSector Bad cluster, Start sector: 171184811, count: 1
[998     ]ntfscpy.cpp(288): ReadSector Bad cluster, Start sector: 171184812, count: 1
[998     ]ntfscpy.cpp(288): ReadSector Bad cluster, Start sector: 171184813, count: 1
[998     ]ntfscpy.cpp(288): ReadSector Bad cluster, Start sector: 171184814, count: 1
[998     ]ntfscpy.cpp(288): ReadSector Bad cluster, Start sector: 171184815, count: 1
[998     ]ntfscpy.cpp(302): WriteSector Bad cluster, Start sector: 171186440, count: 16384
[998     ]ntfscpy.cpp(288): ReadSector Bad cluster, Start sector: 171201191, count: 1
[998     ]ntfscpy.cpp(288): ReadSector Bad cluster, Start sector: 171201192, count: 1
[998     ]ntfscpy.cpp(288): ReadSector Bad cluster, Start sector: 171201193, count: 1
[998     ]ntfscpy.cpp(288): ReadSector Bad cluster, Start sector: 171201194, count: 1
[998     ]ntfscpy.cpp(288): ReadSector Bad cluster, Start sector: 171201195, count: 1
[998     ]ntfscpy.cpp(288): ReadSector Bad cluster, Start sector: 171201196, count: 1
[998     ]ntfscpy.cpp(288): ReadSector Bad cluster, Start sector: 171201197, count: 1
[998     ]ntfscpy.cpp(288): ReadSector Bad cluster, Start sector: 171201198, count: 1
[998     ]ntfscpy.cpp(288): ReadSector Bad cluster, Start sector: 171201199, count: 1
[998     ]ntfscpy.cpp(302): WriteSector Bad cluster, Start sector: 171202824, count: 16384
[998     ]ntfscpy.cpp(288): ReadSector Bad cluster, Start sector: 171217575, count: 1
[998     ]ntfscpy.cpp(288): ReadSector Bad cluster, Start sector: 171217576, count: 1
[998     ]ntfscpy.cpp(288): ReadSector Bad cluster, Start sector: 171217577, count: 1
[998     ]ntfscpy.cpp(288): ReadSector Bad cluster, Start sector: 171217578, count: 1
[998     ]ntfscpy.cpp(288): ReadSector Bad cluster, Start sector: 171217579, count: 1
[998     ]ntfscpy.cpp(288): ReadSector Bad cluster, Start sector: 171217580, count: 1
[998     ]ntfscpy.cpp(288): ReadSector Bad cluster, Start sector: 171217581, count: 1
[998     ]ntfscpy.cpp(288): ReadSector Bad cluster, Start sector: 171217582, count: 1
[998     ]ntfscpy.cpp(288): ReadSector Bad cluster, Start sector: 171217583, count: 1
[998     ]ntfscpy.cpp(302): WriteSector Bad cluster, Start sector: 171219208, count: 16384
[998     ]ntfscpy.cpp(288): ReadSector Bad cluster, Start sector: 171233959, count: 1
[998     ]ntfscpy.cpp(288): ReadSector Bad cluster, Start sector: 171233960, count: 1
[998     ]ntfscpy.cpp(288): ReadSector Bad cluster, Start sector: 171233961, count: 1
[998     ]ntfscpy.cpp(288): ReadSector Bad cluster, Start sector: 171233962, count: 1
[998     ]ntfscpy.cpp(288): ReadSector Bad cluster, Start sector: 171233963, count: 1
[998     ]ntfscpy.cpp(288): ReadSector Bad cluster, Start sector: 171233964, count: 1
[998     ]ntfscpy.cpp(288): ReadSector Bad cluster, Start sector: 171233965, count: 1
[998     ]ntfscpy.cpp(288): ReadSector Bad cluster, Start sector: 171233966, count: 1
[998     ]ntfscpy.cpp(288): ReadSector Bad cluster, Start sector: 171233967, count: 1
[998     ]ntfscpy.cpp(302): WriteSector Bad cluster, Start sector: 171235592, count: 16384
[998     ]ntfscpy.cpp(288): ReadSector Bad cluster, Start sector: 171250343, count: 1
[998     ]ntfscpy.cpp(288): ReadSector Bad cluster, Start sector: 171250344, count: 1
[998     ]ntfscpy.cpp(288): ReadSector Bad cluster, Start sector: 171250345, count: 1
[998     ]ntfscpy.cpp(288): ReadSector Bad cluster, Start sector: 171250346, count: 1
[998     ]ntfscpy.cpp(288): ReadSector Bad cluster, Start sector: 171250347, count: 1
[998     ]ntfscpy.cpp(288): ReadSector Bad cluster, Start sector: 171250348, count: 1
[998     ]ntfscpy.cpp(288): ReadSector Bad cluster, Start sector: 171250349, count: 1
[998     ]ntfscpy.cpp(288): ReadSector Bad cluster, Start sector: 171250350, count: 1
[998     ]ntfscpy.cpp(288): ReadSector Bad cluster, Start sector: 171250351, count: 1
[998     ]ntfscpy.cpp(302): WriteSector Bad cluster, Start sector: 171251976, count: 16384
[998     ]ntfscpy.cpp(288): ReadSector Bad cluster, Start sector: 171266727, count: 1
[998     ]ntfscpy.cpp(288): ReadSector Bad cluster, Start sector: 171266728, count: 1
[998     ]ntfscpy.cpp(288): ReadSector Bad cluster, Start sector: 171266729, count: 1
[998     ]ntfscpy.cpp(288): ReadSector Bad cluster, Start sector: 171266730, count: 1
[998     ]ntfscpy.cpp(288): ReadSector Bad cluster, Start sector: 171266731, count: 1
[998     ]ntfscpy.cpp(288): ReadSector Bad cluster, Start sector: 171266732, count: 1
[998     ]ntfscpy.cpp(288): ReadSector Bad cluster, Start sector: 171266733, count: 1
[998     ]ntfscpy.cpp(288): ReadSector Bad cluster, Start sector: 171266734, count: 1
[998     ]ntfscpy.cpp(288): ReadSector Bad cluster, Start sector: 171266735, count: 1
[998     ]ntfscpy.cpp(302): WriteSector Bad cluster, Start sector: 171268360, count: 16384
[998     ]ntfscpy.cpp(288): ReadSector Bad cluster, Start sector: 171283111, count: 1
[998     ]ntfscpy.cpp(288): ReadSector Bad cluster, Start sector: 171283112, count: 1
[998     ]ntfscpy.cpp(288): ReadSector Bad cluster, Start sector: 171283113, count: 1
[998     ]ntfscpy.cpp(288): ReadSector Bad cluster, Start sector: 171283114, count: 1
[998     ]ntfscpy.cpp(288): ReadSector Bad cluster, Start sector: 171283115, count: 1
[998     ]ntfscpy.cpp(288): ReadSector Bad cluster, Start sector: 171283116, count: 1
[998     ]ntfscpy.cpp(288): ReadSector Bad cluster, Start sector: 171283117, count: 1
[998     ]ntfscpy.cpp(288): ReadSector Bad cluster, Start sector: 171283118, count: 1
[998     ]ntfscpy.cpp(288): ReadSector Bad cluster, Start sector: 171283119, count: 1
[998     ]ntfscpy.cpp(302): WriteSector Bad cluster, Start sector: 171284744, count: 16384
[998     ]ntfscpy.cpp(288): ReadSector Bad cluster, Start sector: 171299495, count: 1
[998     ]ntfscpy.cpp(288): ReadSector Bad cluster, Start sector: 171299496, count: 1
[998     ]ntfscpy.cpp(288): ReadSector Bad cluster, Start sector: 171299497, count: 1
[998     ]ntfscpy.cpp(288): ReadSector Bad cluster, Start sector: 171299498, count: 1
[998     ]ntfscpy.cpp(288): ReadSector Bad cluster, Start sector: 171299499, count: 1
[998     ]ntfscpy.cpp(288): ReadSector Bad cluster, Start sector: 171299500, count: 1
[998     ]ntfscpy.cpp(288): ReadSector Bad cluster, Start sector: 171299501, count: 1
[998     ]ntfscpy.cpp(288): ReadSector Bad cluster, Start sector: 171299502, count: 1
[998     ]ntfscpy.cpp(288): ReadSector Bad cluster, Start sector: 171299503, count: 1
[998     ]ntfscpy.cpp(302): WriteSector Bad cluster, Start sector: 171301128, count: 16384
[998     ]ntfscpy.cpp(288): ReadSector Bad cluster, Start sector: 171315879, count: 1
[998     ]ntfscpy.cpp(288): ReadSector Bad cluster, Start sector: 171315880, count: 1
[998     ]ntfscpy.cpp(288): ReadSector Bad cluster, Start sector: 171315881, count: 1
[998     ]ntfscpy.cpp(288): ReadSector Bad cluster, Start sector: 171315882, count: 1
[998     ]ntfscpy.cpp(288): ReadSector Bad cluster, Start sector: 171315883, count: 1
[998     ]ntfscpy.cpp(288): ReadSector Bad cluster, Start sector: 171315884, count: 1
[998     ]ntfscpy.cpp(288): ReadSector Bad cluster, Start sector: 171315885, count: 1
[998     ]ntfscpy.cpp(288): ReadSector Bad cluster, Start sector: 171315886, count: 1
[998     ]ntfscpy.cpp(288): ReadSector Bad cluster, Start sector: 171315887, count: 1
[998     ]ntfscpy.cpp(302): WriteSector Bad cluster, Start sector: 171317512, count: 16384
[998     ]ntfscpy.cpp(288): ReadSector Bad cluster, Start sector: 171332263, count: 1
[998     ]ntfscpy.cpp(288): ReadSector Bad cluster, Start sector: 171332264, count: 1
[998     ]ntfscpy.cpp(288): ReadSector Bad cluster, Start sector: 171332265, count: 1
[998     ]ntfscpy.cpp(288): ReadSector Bad cluster, Start sector: 171332266, count: 1
[998     ]ntfscpy.cpp(288): ReadSector Bad cluster, Start sector: 171332267, count: 1
[998     ]ntfscpy.cpp(288): ReadSector Bad cluster, Start sector: 171332268, count: 1
[998     ]ntfscpy.cpp(288): ReadSector Bad cluster, Start sector: 171332269, count: 1
[998     ]ntfscpy.cpp(288): ReadSector Bad cluster, Start sector: 171332270, count: 1
[998     ]ntfscpy.cpp(288): ReadSector Bad cluster, Start sector: 171332271, count: 1
[998     ]ntfscpy.cpp(302): WriteSector Bad cluster, Start sector: 171333896, count: 16384
[998     ]ntfscpy.cpp(288): ReadSector Bad cluster, Start sector: 171348647, count: 1
[998     ]ntfscpy.cpp(288): ReadSector Bad cluster, Start sector: 171348648, count: 1
[998     ]ntfscpy.cpp(288): ReadSector Bad cluster, Start sector: 171348649, count: 1
[998     ]ntfscpy.cpp(288): ReadSector Bad cluster, Start sector: 171348650, count: 1
[998     ]ntfscpy.cpp(288): ReadSector Bad cluster, Start sector: 171348651, count: 1
[998     ]ntfscpy.cpp(288): ReadSector Bad cluster, Start sector: 171348652, count: 1
[998     ]ntfscpy.cpp(288): ReadSector Bad cluster, Start sector: 171348653, count: 1
[998     ]ntfscpy.cpp(288): ReadSector Bad cluster, Start sector: 171348654, count: 1
[998     ]ntfscpy.cpp(288): ReadSector Bad cluster, Start sector: 171348655, count: 1
[998     ]ntfscpy.cpp(302): WriteSector Bad cluster, Start sector: 171350280, count: 16384
[998     ]ntfscpy.cpp(288): ReadSector Bad cluster, Start sector: 171365031, count: 1
[998     ]ntfscpy.cpp(288): ReadSector Bad cluster, Start sector: 171365032, count: 1
[998     ]ntfscpy.cpp(288): ReadSector Bad cluster, Start sector: 171365033, count: 1
[998     ]ntfscpy.cpp(288): ReadSector Bad cluster, Start sector: 171365034, count: 1
[998     ]ntfscpy.cpp(288): ReadSector Bad cluster, Start sector: 171365035, count: 1
[998     ]ntfscpy.cpp(288): ReadSector Bad cluster, Start sector: 171365036, count: 1
[998     ]ntfscpy.cpp(288): ReadSector Bad cluster, Start sector: 171365037, count: 1
[998     ]ntfscpy.cpp(288): ReadSector Bad cluster, Start sector: 171365038, count: 1
[998     ]ntfscpy.cpp(288): ReadSector Bad cluster, Start sector: 171365039, count: 1
[998     ]ntfscpy.cpp(302): WriteSector Bad cluster, Start sector: 171366664, count: 16384
[998     ]ntfscpy.cpp(288): ReadSector Bad cluster, Start sector: 171381415, count: 1
[998     ]ntfscpy.cpp(288): ReadSector Bad cluster, Start sector: 171381416, count: 1
[998     ]ntfscpy.cpp(288): ReadSector Bad cluster, Start sector: 171381417, count: 1
[998     ]ntfscpy.cpp(288): ReadSector Bad cluster, Start sector: 171381418, count: 1
[998     ]ntfscpy.cpp(288): ReadSector Bad cluster, Start sector: 171381419, count: 1
[998     ]ntfscpy.cpp(288): ReadSector Bad cluster, Start sector: 171381420, count: 1
[998     ]ntfscpy.cpp(288): ReadSector Bad cluster, Start sector: 171381421, count: 1
[998     ]ntfscpy.cpp(288): ReadSector Bad cluster, Start sector: 171381422, count: 1
[998     ]ntfscpy.cpp(288): ReadSector Bad cluster, Start sector: 171381423, count: 1
[998     ]ntfscpy.cpp(302): WriteSector Bad cluster, Start sector: 171383048, count: 16384
[998     ]ntfscpy.cpp(288): ReadSector Bad cluster, Start sector: 171397799, count: 1
[998     ]ntfscpy.cpp(288): ReadSector Bad cluster, Start sector: 171397800, count: 1
[998     ]ntfscpy.cpp(288): ReadSector Bad cluster, Start sector: 171397801, count: 1
[998     ]ntfscpy.cpp(288): ReadSector Bad cluster, Start sector: 171397802, count: 1
[998     ]ntfscpy.cpp(288): ReadSector Bad cluster, Start sector: 171397803, count: 1
[998     ]ntfscpy.cpp(288): ReadSector Bad cluster, Start sector: 171397804, count: 1
[998     ]ntfscpy.cpp(288): ReadSector Bad cluster, Start sector: 171397805, count: 1
[998     ]ntfscpy.cpp(288): ReadSector Bad cluster, Start sector: 171397806, count: 1
[998     ]ntfscpy.cpp(288): ReadSector Bad cluster, Start sector: 171397807, count: 1
[998     ]ntfscpy.cpp(302): WriteSector Bad cluster, Start sector: 171399432, count: 16384
[998     ]ntfscpy.cpp(288): ReadSector Bad cluster, Start sector: 171414183, count: 1
[998     ]ntfscpy.cpp(288): ReadSector Bad cluster, Start sector: 171414184, count: 1
[998     ]ntfscpy.cpp(288): ReadSector Bad cluster, Start sector: 171414185, count: 1
[998     ]ntfscpy.cpp(288): ReadSector Bad cluster, Start sector: 171414186, count: 1
[998     ]ntfscpy.cpp(288): ReadSector Bad cluster, Start sector: 171414187, count: 1
[998     ]ntfscpy.cpp(288): ReadSector Bad cluster, Start sector: 171414188, count: 1
[998     ]ntfscpy.cpp(288): ReadSector Bad cluster, Start sector: 171414189, count: 1
[998     ]ntfscpy.cpp(288): ReadSector Bad cluster, Start sector: 171414190, count: 1
[998     ]ntfscpy.cpp(288): ReadSector Bad cluster, Start sector: 171414191, count: 1
[998     ]ntfscpy.cpp(302): WriteSector Bad cluster, Start sector: 171415816, count: 16384
[998     ]ntfscpy.cpp(288): ReadSector Bad cluster, Start sector: 171430567, count: 1
[998     ]ntfscpy.cpp(288): ReadSector Bad cluster, Start sector: 171430568, count: 1
[998     ]ntfscpy.cpp(288): ReadSector Bad cluster, Start sector: 171430569, count: 1
[998     ]ntfscpy.cpp(288): ReadSector Bad cluster, Start sector: 171430570, count: 1
[998     ]ntfscpy.cpp(288): ReadSector Bad cluster, Start sector: 171430571, count: 1
[998     ]ntfscpy.cpp(288): ReadSector Bad cluster, Start sector: 171430572, count: 1
[998     ]ntfscpy.cpp(288): ReadSector Bad cluster, Start sector: 171430573, count: 1
[998     ]ntfscpy.cpp(288): ReadSector Bad cluster, Start sector: 171430574, count: 1
[998     ]ntfscpy.cpp(288): ReadSector Bad cluster, Start sector: 171430575, count: 1
[998     ]ntfscpy.cpp(302): WriteSector Bad cluster, Start sector: 171432200, count: 16384
[998     ]ntfscpy.cpp(288): ReadSector Bad cluster, Start sector: 171446951, count: 1
[998     ]ntfscpy.cpp(288): ReadSector Bad cluster, Start sector: 171446952, count: 1
[998     ]ntfscpy.cpp(288): ReadSector Bad cluster, Start sector: 171446953, count: 1
[998     ]ntfscpy.cpp(288): ReadSector Bad cluster, Start sector: 171446954, count: 1
[998     ]ntfscpy.cpp(288): ReadSector Bad cluster, Start sector: 171446955, count: 1
[998     ]ntfscpy.cpp(288): ReadSector Bad cluster, Start sector: 171446956, count: 1
[998     ]ntfscpy.cpp(288): ReadSector Bad cluster, Start sector: 171446957, count: 1
[998     ]ntfscpy.cpp(288): ReadSector Bad cluster, Start sector: 171446958, count: 1
[998     ]ntfscpy.cpp(288): ReadSector Bad cluster, Start sector: 171446959, count: 1
[998     ]ntfscpy.cpp(302): WriteSector Bad cluster, Start sector: 171448584, count: 16384
[998     ]ntfscpy.cpp(288): ReadSector Bad cluster, Start sector: 171463335, count: 1
[998     ]ntfscpy.cpp(288): ReadSector Bad cluster, Start sector: 171463336, count: 1
[998     ]ntfscpy.cpp(288): ReadSector Bad cluster, Start sector: 171463337, count: 1
[998     ]ntfscpy.cpp(288): ReadSector Bad cluster, Start sector: 171463338, count: 1
[998     ]ntfscpy.cpp(288): ReadSector Bad cluster, Start sector: 171463339, count: 1
[998     ]ntfscpy.cpp(288): ReadSector Bad cluster, Start sector: 171463340, count: 1
[998     ]ntfscpy.cpp(288): ReadSector Bad cluster, Start sector: 171463341, count: 1
[998     ]ntfscpy.cpp(288): ReadSector Bad cluster, Start sector: 171463342, count: 1
[998     ]ntfscpy.cpp(288): ReadSector Bad cluster, Start sector: 171463343, count: 1
[998     ]ntfscpy.cpp(302): WriteSector Bad cluster, Start sector: 171464968, count: 16384
[998     ]ntfscpy.cpp(288): ReadSector Bad cluster, Start sector: 171479719, count: 1
[998     ]ntfscpy.cpp(288): ReadSector Bad cluster, Start sector: 171479720, count: 1
[998     ]ntfscpy.cpp(288): ReadSector Bad cluster, Start sector: 171479721, count: 1
[998     ]ntfscpy.cpp(288): ReadSector Bad cluster, Start sector: 171479722, count: 1
[998     ]ntfscpy.cpp(288): ReadSector Bad cluster, Start sector: 171479723, count: 1
[998     ]ntfscpy.cpp(288): ReadSector Bad cluster, Start sector: 171479724, count: 1
[998     ]ntfscpy.cpp(288): ReadSector Bad cluster, Start sector: 171479725, count: 1
[998     ]ntfscpy.cpp(288): ReadSector Bad cluster, Start sector: 171479726, count: 1
[998     ]ntfscpy.cpp(288): ReadSector Bad cluster, Start sector: 171479727, count: 1
[998     ]ntfscpy.cpp(302): WriteSector Bad cluster, Start sector: 171481352, count: 16384
