Partition Assistant log is as follows:

====================== System Information ======================
Module Path: C:\Program Files\Partition\PartAssist.exe
Product Name: Microsoft Windows XP
Service Package: Service Pack 2
OS Version: 5.1
Total Memory: 3583 MB
Available Memory: 3011 MB
System Root: C:\WINDOWS
Processor Architecture: x86
Processor Number: 2
Current Time: 2020-5-14 23:5:33
================================================================

AOMEI Partition Assistant 8.7 Standard Edition
[0       ]disk.cpp(169) Disk0 is removble use?0
[0       ]disk.cpp(169) Disk1 is removble use?0
[0       ]disk.cpp(169) Disk2 is removble use?0
[21      ]disk.cpp(252): Failed to IOCTL_DISK_GET_DRIVE_GEOMETRY. Disk Index: 3
[21      ]disk.cpp(252): Failed to IOCTL_DISK_GET_DRIVE_GEOMETRY. Disk Index: 4
[21      ]disk.cpp(252): Failed to IOCTL_DISK_GET_DRIVE_GEOMETRY. Disk Index: 5
[21      ]disk.cpp(252): Failed to IOCTL_DISK_GET_DRIVE_GEOMETRY. Disk Index: 6



//////////////////////////// Reload Disk Information ////////////////////////////


Disks Summary:
================================================================
Disk Index	Total Sector		Geometry			Product Name
----------	------------		--------			------------
0		976773168 (465.76GB)	(60801,255,63,512)		SAMSUNG HD502IJ (Base Disk)
1		976773168 (465.76GB)	(60801,255,63,512)		Hitachi HDS721050CLA362 (Base Disk)
2		3907029168 (1863.02GB)	(243201,255,63,512)		SAMSUNG HD203WI (Base Disk)


Partitions Summary:
================================================================
Disk	Partition	Drive Letter	File System	Total Sector		Used Sector		Free Sector		Partition Status	Pri/Log		DBR Start Sector	End Sector      			MBR Start Sector			Cluster Size	Volume Label
----	---------	------------	-----------	------------		-----------		-----------		----------------	-------		----------------	----------------			----------------			------------	------------
0	1		C:		NTFS(3.1)   	71681966   (34.18GB)	28614656   (13.64GB)	43067310   (20.54GB)	Act Boot Sys        	Primary		63             		71682029       (4461,254,63)		0           (0,1,1)			8		NAME51
0	2		D:		NTFS(3.1)   	905069906  (431.57GB)	827214024  (394.45GB)	77855882   (37.12GB)	None                	Logical		71682093       		976751999      (60799,254,63)		71682030    (4462,0,1)			8		NAME52
0	0		*:		Unallocated 	17072      (8.34MB)	0          (0KB)	17072      (8.34MB)	None                	Logical		976752000      		976769071      (60801,15,62)		976752000   (60800,0,1)			0		

1	1		F:		NTFS(3.1)   	71681966   (34.18GB)	28545176   (13.61GB)	43136790   (20.57GB)	Act                 	Primary		2048           		976769023      (60801,15,14)		0           (0,32,33)			8		NAME51

2	1		E:		NTFS(3.1)   	3907007936 (1863.01GB)	3869284824 (1845.02GB)	37723112   (17.99GB)	None                	Primary		63             		3907007999     (243199,254,63)		0           (0,1,1)			8		NAME53
2	0		*:		Unallocated 	17072      (8.34MB)	0          (0KB)	17072      (8.34MB)	None                	Logical		3907008000     		3907025071     (243201,15,62)		3907008000  (243200,0,1)			0		

================================================================
AOMEI Partition Assistant Is Working...
 
[0       ]MainFrm.cpp(3794): Download upgrade file failed.

==========================User Operations==============================
1.Resizing Partition
	Hard Disk:		2
 	Drive Letter:		F:
 	File System:		NTFS
 	Partition Label:	NAME51
 	Size:			465.76GB => 35.00GB
 	Start Sector:		2048
 	Total Sector:		71681966 => 73398936
 	Cluster Size:		8 => 8

2.Creating Partition
	Hard Disk:		2
 	Drive Letter:		G:
 	File System:		NTFS
 	Partition Label:	NAME52
 	Size:			430.76GB
 	Start Sector:		73401048
 	PtStart Sector:		73400985
 	Total Sector:		903367016
 	PtTotal Sector:		903367017
 	Logical/Primary:	Logical
 	Cluster Size:		8

=======================================================================

[2       ]GetFileAttributes(tszMark)!=INVALID_FILE_ATTRIBUTES return code: 0x00000000, helper.cpp(1344).
--------Resize NTFS Partition------------
[0       ]ntfsresize.cpp(195): Shrink Work on (F: NAME51).
[0       ]ntfsresize.cpp(287): Begin checking volume.
[0       ]ntfsresize.cpp(292): Begin shrinking volume.
[0       ]ntfsresize.cpp(401): End shrinking volume.
[0       ]disk.cpp(169) Disk0 is removble use?0
[0       ]disk.cpp(169) Disk1 is removble use?0
[0       ]disk.cpp(169) Disk2 is removble use?0
[21      ]disk.cpp(252): Failed to IOCTL_DISK_GET_DRIVE_GEOMETRY. Disk Index: 3
[21      ]disk.cpp(252): Failed to IOCTL_DISK_GET_DRIVE_GEOMETRY. Disk Index: 4
[21      ]disk.cpp(252): Failed to IOCTL_DISK_GET_DRIVE_GEOMETRY. Disk Index: 5
[21      ]disk.cpp(252): Failed to IOCTL_DISK_GET_DRIVE_GEOMETRY. Disk Index: 6



//////////////////////////// Reload Disk Information ////////////////////////////


Disks Summary:
================================================================
Disk Index	Total Sector		Geometry			Product Name
----------	------------		--------			------------
0		976773168 (465.76GB)	(60801,255,63,512)		SAMSUNG HD502IJ (Base Disk)
1		976773168 (465.76GB)	(60801,255,63,512)		Hitachi HDS721050CLA362 (Base Disk)
2		3907029168 (1863.02GB)	(243201,255,63,512)		SAMSUNG HD203WI (Base Disk)


Partitions Summary:
================================================================
Disk	Partition	Drive Letter	File System	Total Sector		Used Sector		Free Sector		Partition Status	Pri/Log		DBR Start Sector	End Sector      			MBR Start Sector			Cluster Size	Volume Label
----	---------	------------	-----------	------------		-----------		-----------		----------------	-------		----------------	----------------			----------------			------------	------------
0	1		C:		NTFS(3.1)   	71681966   (34.18GB)	28616736   (13.65GB)	43065230   (20.54GB)	Act Boot Sys        	Primary		63             		71682029       (4461,254,63)		0           (0,1,1)			8		NAME51
0	2		D:		NTFS(3.1)   	905069906  (431.57GB)	827214024  (394.45GB)	77855882   (37.12GB)	None                	Logical		71682093       		976751999      (60799,254,63)		71682030    (4462,0,1)			8		NAME52
0	0		*:		Unallocated 	17072      (8.34MB)	0          (0KB)	17072      (8.34MB)	None                	Logical		976752000      		976769071      (60801,15,62)		976752000   (60800,0,1)			0		

1	1		F:		NTFS(3.1)   	73398936   (35.00GB)	28538920   (13.61GB)	44860016   (21.39GB)	Act                 	Primary		2048           		73400984       (4568,254,63)		0           (0,32,33)			8		NAME51
1	2		G:		NTFS(3.1)   	903367016  (430.76GB)	159552     (77.91MB)	903207464  (430.68GB)	None                	Logical		73401048       		976768064      (60800,254,63)		73400985    (4569,0,1)			8		NAME52

2	1		E:		NTFS(3.1)   	3907007936 (1863.01GB)	3869284824 (1845.02GB)	37723112   (17.99GB)	None                	Primary		63             		3907007999     (243199,254,63)		0           (0,1,1)			8		NAME53
2	0		*:		Unallocated 	17072      (8.34MB)	0          (0KB)	17072      (8.34MB)	None                	Logical		3907008000     		3907025071     (243201,15,62)		3907008000  (243200,0,1)			0		


==========================User Operations==============================
1.Formatting Partition
	Hard Disk:		2
 	Drive Letter:		G:
 	File System:		NTFS => NTFS
 	Partition Label:	NAME52 => NAME52
 	Size:			430.76GB
 	Start Sector:		73401048
 	PtStart Sector:		73400985
 	Total Sector:		903367016
 	PtTotal Sector:		903367017
 	Cluster Size:		8 => 8

=======================================================================

[5       ]vol.cpp(155): Create file the \ to fail.
[0       ]disk.cpp(169) Disk0 is removble use?0
[0       ]disk.cpp(169) Disk1 is removble use?0
[0       ]disk.cpp(169) Disk2 is removble use?0
[21      ]disk.cpp(252): Failed to IOCTL_DISK_GET_DRIVE_GEOMETRY. Disk Index: 3
[21      ]disk.cpp(252): Failed to IOCTL_DISK_GET_DRIVE_GEOMETRY. Disk Index: 4
[21      ]disk.cpp(252): Failed to IOCTL_DISK_GET_DRIVE_GEOMETRY. Disk Index: 5
[21      ]disk.cpp(252): Failed to IOCTL_DISK_GET_DRIVE_GEOMETRY. Disk Index: 6



//////////////////////////// Reload Disk Information ////////////////////////////


Disks Summary:
================================================================
Disk Index	Total Sector		Geometry			Product Name
----------	------------		--------			------------
0		976773168 (465.76GB)	(60801,255,63,512)		SAMSUNG HD502IJ (Base Disk)
1		976773168 (465.76GB)	(60801,255,63,512)		Hitachi HDS721050CLA362 (Base Disk)
2		3907029168 (1863.02GB)	(243201,255,63,512)		SAMSUNG HD203WI (Base Disk)


Partitions Summary:
================================================================
Disk	Partition	Drive Letter	File System	Total Sector		Used Sector		Free Sector		Partition Status	Pri/Log		DBR Start Sector	End Sector      			MBR Start Sector			Cluster Size	Volume Label
----	---------	------------	-----------	------------		-----------		-----------		----------------	-------		----------------	----------------			----------------			------------	------------
0	1		C:		NTFS(3.1)   	71681966   (34.18GB)	28616736   (13.65GB)	43065230   (20.54GB)	Act Boot Sys        	Primary		63             		71682029       (4461,254,63)		0           (0,1,1)			8		NAME51
0	2		D:		NTFS(3.1)   	905069906  (431.57GB)	827214024  (394.45GB)	77855882   (37.12GB)	None                	Logical		71682093       		976751999      (60799,254,63)		71682030    (4462,0,1)			8		NAME52
0	0		*:		Unallocated 	17072      (8.34MB)	0          (0KB)	17072      (8.34MB)	None                	Logical		976752000      		976769071      (60801,15,62)		976752000   (60800,0,1)			0		

1	1		F:		NTFS(3.1)   	73398936   (35.00GB)	28538920   (13.61GB)	44860016   (21.39GB)	Act                 	Primary		2048           		73400984       (4568,254,63)		0           (0,32,33)			8		NAME51
1	2		G:		NTFS(3.1)   	903367016  (430.76GB)	159552     (77.91MB)	903207464  (430.68GB)	None                	Logical		73401048       		976768064      (60800,254,63)		73400985    (4569,0,1)			8		NAME52

2	1		E:		NTFS(3.1)   	3907007936 (1863.01GB)	3869284824 (1845.02GB)	37723112   (17.99GB)	None                	Primary		63             		3907007999     (243199,254,63)		0           (0,1,1)			8		NAME53
2	0		*:		Unallocated 	17072      (8.34MB)	0          (0KB)	17072      (8.34MB)	None                	Logical		3907008000     		3907025071     (243201,15,62)		3907008000  (243200,0,1)			0		

