Partition Assistant log is as follows:

====================== System Information ======================
Module Path: C:\Program Files\Partition\PartAssist.exe
Product Name: Microsoft Windows XP
Service Package: Service Pack 2
OS Version: 5.1
Total Memory: 3583 MB
Available Memory: 2978 MB
System Root: C:\WINDOWS
Processor Architecture: x86
Processor Number: 2
Current Time: 2024-5-2 19:40:15
================================================================

AOMEI Partition Assistant 8.7 Standard Edition
[0       ]disk.cpp(169) Disk0 is removble use?0
[0       ]disk.cpp(169) Disk1 is removble use?0
[0       ]disk.cpp(169) Disk2 is removble use?0
[21      ]disk.cpp(252): Failed to IOCTL_DISK_GET_DRIVE_GEOMETRY. Disk Index: 3
[21      ]disk.cpp(252): Failed to IOCTL_DISK_GET_DRIVE_GEOMETRY. Disk Index: 4
[21      ]disk.cpp(252): Failed to IOCTL_DISK_GET_DRIVE_GEOMETRY. Disk Index: 5
[21      ]disk.cpp(252): Failed to IOCTL_DISK_GET_DRIVE_GEOMETRY. Disk Index: 6



//////////////////////////// Reload Disk Information ////////////////////////////


Disks Summary:
================================================================
Disk Index	Total Sector		Geometry			Product Name
----------	------------		--------			------------
0		156250000 (74.51GB)	(9726,255,63,512)		WDC WD800JD-75MSA3 (Base Disk)
1		976773168 (465.76GB)	(60801,255,63,512)		SAMSUNG HD502IJ (Base Disk)
2		234441648 (111.79GB)	(14593,255,63,512)		Samsung SSD 840 EVO 120GB (Base Disk)


Partitions Summary:
================================================================
Disk	Partition	Drive Letter	File System	Total Sector		Used Sector		Free Sector		Partition Status	Pri/Log		DBR Start Sector	End Sector      			MBR Start Sector			Cluster Size	Volume Label
----	---------	------------	-----------	------------		-----------		-----------		----------------	-------		----------------	----------------			----------------			------------	------------
0	1		E:		NTFS(3.1)   	105898431  (50.50GB)	28219128   (13.46GB)	77679303   (37.04GB)	Act                 	Primary		2048           		105900479      (6591,254,63)		0           (0,32,33)			8		NAME56
0	0		*:		Unallocated 	50345424   (24.01GB)	0          (0KB)	50345424   (24.01GB)	None                	Logical		105900480      		156245903      (9725,218,45)		105900480   (6592,0,1)			0		

1	0		*:		Unallocated 	16065      (7.84MB)	0          (0KB)	16065      (7.84MB)	None                	Logical		0              		16064          (0,254,63)		0           (0,0,1)			0		
1	1		X:		NTFS(3.1)   	71665901   (34.17GB)	43285488   (20.64GB)	28380413   (13.53GB)	None                	Logical		16128          		71682029       (4461,254,63)		16065       (1,0,1)			8		NAME51_SSUNG500
1	2		D:		NTFS(3.1)   	905069906  (431.57GB)	863891656  (411.94GB)	41178250   (19.64GB)	None                	Logical		71682093       		976751999      (60799,254,63)		71682030    (4462,0,1)			8		NAME52
1	0		*:		Unallocated 	17072      (8.34MB)	0          (0KB)	17072      (8.34MB)	None                	Logical		976752000      		976769071      (60801,15,62)		976752000   (60800,0,1)			0		

2	1		C:		NTFS(3.1)   	104854206  (50.00GB)	28588840   (13.63GB)	76265366   (36.37GB)	Act Boot Sys        	Primary		2048           		104856254      (6526,254,63)		0           (0,32,33)			8		NAME51
2	2		H:		NTFS(3.1)   	129580289  (61.79GB)	74160848   (35.36GB)	55419441   (26.43GB)	None                	Primary		104856255      		234436544      (14592,254,63)		0           (6527,0,1)			8		NAME55_SSD

================================================================
AOMEI Partition Assistant Is Working...
 
[0       ]MainFrm.cpp(3794): Download upgrade file failed.

==========================User Operations==============================
1.Creating Partition
	Hard Disk:		1
 	Drive Letter:		F:
 	File System:		NTFS
 	Partition Label:	
 	Size:			24.00GB
 	Start Sector:		105900480
 	PtStart Sector:		105900480
 	Total Sector:		50331644
 	PtTotal Sector:		50331645
 	Logical/Primary:	Primary
 	Cluster Size:		8

2.Formatting Partition
	Hard Disk:		1
 	Drive Letter:		F:
 	File System:		NTFS => NTFS
 	Partition Label:	 => NAME56D
 	Size:			24.00GB
 	Start Sector:		105900480
 	PtStart Sector:		105900480
 	Total Sector:		50331644
 	PtTotal Sector:		50331645
 	Cluster Size:		8 => 8

=======================================================================

[0       ]disk.cpp(169) Disk0 is removble use?0
[0       ]disk.cpp(169) Disk1 is removble use?0
[0       ]disk.cpp(169) Disk2 is removble use?0
[21      ]disk.cpp(252): Failed to IOCTL_DISK_GET_DRIVE_GEOMETRY. Disk Index: 3
[21      ]disk.cpp(252): Failed to IOCTL_DISK_GET_DRIVE_GEOMETRY. Disk Index: 4
[21      ]disk.cpp(252): Failed to IOCTL_DISK_GET_DRIVE_GEOMETRY. Disk Index: 5
[21      ]disk.cpp(252): Failed to IOCTL_DISK_GET_DRIVE_GEOMETRY. Disk Index: 6



//////////////////////////// Reload Disk Information ////////////////////////////


Disks Summary:
================================================================
Disk Index	Total Sector		Geometry			Product Name
----------	------------		--------			------------
0		156250000 (74.51GB)	(9726,255,63,512)		WDC WD800JD-75MSA3 (Base Disk)
1		976773168 (465.76GB)	(60801,255,63,512)		SAMSUNG HD502IJ (Base Disk)
2		234441648 (111.79GB)	(14593,255,63,512)		Samsung SSD 840 EVO 120GB (Base Disk)


Partitions Summary:
================================================================
Disk	Partition	Drive Letter	File System	Total Sector		Used Sector		Free Sector		Partition Status	Pri/Log		DBR Start Sector	End Sector      			MBR Start Sector			Cluster Size	Volume Label
----	---------	------------	-----------	------------		-----------		-----------		----------------	-------		----------------	----------------			----------------			------------	------------
0	1		E:		NTFS(3.1)   	105898431  (50.50GB)	28219128   (13.46GB)	77679303   (37.04GB)	Act                 	Primary		2048           		105900479      (6591,254,63)		0           (0,32,33)			8		NAME56
0	2		F:		NTFS(3.1)   	50331644   (24.00GB)	133512     (65.19MB)	50198132   (23.94GB)	None                	Primary		105900480      		156232124      (9724,254,63)		0           (6592,0,1)			8		NAME56D

1	0		*:		Unallocated 	16065      (7.84MB)	0          (0KB)	16065      (7.84MB)	None                	Logical		0              		16064          (0,254,63)		0           (0,0,1)			0		
1	1		X:		NTFS(3.1)   	71665901   (34.17GB)	43285488   (20.64GB)	28380413   (13.53GB)	None                	Logical		16128          		71682029       (4461,254,63)		16065       (1,0,1)			8		NAME51_SSUNG500
1	2		D:		NTFS(3.1)   	905069906  (431.57GB)	863891656  (411.94GB)	41178250   (19.64GB)	None                	Logical		71682093       		976751999      (60799,254,63)		71682030    (4462,0,1)			8		NAME52
1	0		*:		Unallocated 	17072      (8.34MB)	0          (0KB)	17072      (8.34MB)	None                	Logical		976752000      		976769071      (60801,15,62)		976752000   (60800,0,1)			0		

2	1		C:		NTFS(3.1)   	104854206  (50.00GB)	28588880   (13.63GB)	76265326   (36.37GB)	Act Boot Sys        	Primary		2048           		104856254      (6526,254,63)		0           (0,32,33)			8		NAME51
2	2		H:		NTFS(3.1)   	129580289  (61.79GB)	74160848   (35.36GB)	55419441   (26.43GB)	None                	Primary		104856255      		234436544      (14592,254,63)		0           (6527,0,1)			8		NAME55_SSD

