Partition Assistant log is as follows:

====================== System Information ======================
Module Path: C:\Program Files\Partition\PartAssist.exe
Product Name: Microsoft Windows XP
Service Package: Service Pack 2
OS Version: 5.1
Total Memory: 3583 MB
Available Memory: 3046 MB
System Root: C:\WINDOWS
Processor Architecture: x86
Processor Number: 2
Current Time: 2024-5-1 22:4:5
================================================================

AOMEI Partition Assistant 8.7 Standard Edition
[0       ]disk.cpp(169) Disk0 is removble use?0
[0       ]disk.cpp(169) Disk1 is removble use?0
[0       ]disk.cpp(169) Disk2 is removble use?0
[21      ]disk.cpp(252): Failed to IOCTL_DISK_GET_DRIVE_GEOMETRY. Disk Index: 3
[21      ]disk.cpp(252): Failed to IOCTL_DISK_GET_DRIVE_GEOMETRY. Disk Index: 4
[21      ]disk.cpp(252): Failed to IOCTL_DISK_GET_DRIVE_GEOMETRY. Disk Index: 5
[21      ]disk.cpp(252): Failed to IOCTL_DISK_GET_DRIVE_GEOMETRY. Disk Index: 6



//////////////////////////// Reload Disk Information ////////////////////////////


Disks Summary:
================================================================
Disk Index	Total Sector		Geometry			Product Name
----------	------------		--------			------------
0		234441648 (111.79GB)	(14593,255,63,512)		Samsung SSD 840 EVO 120GB (Base Disk)
1		156250000 (74.51GB)	(9726,255,63,512)		WDC WD800JD-75MSA3 (Base Disk)
2		976773168 (465.76GB)	(60801,255,63,512)		SAMSUNG HD502IJ (Base Disk)


Partitions Summary:
================================================================
Disk	Partition	Drive Letter	File System	Total Sector		Used Sector		Free Sector		Partition Status	Pri/Log		DBR Start Sector	End Sector      			MBR Start Sector			Cluster Size	Volume Label
----	---------	------------	-----------	------------		-----------		-----------		----------------	-------		----------------	----------------			----------------			------------	------------
0	1		C:		NTFS(3.1)   	104854206  (50.00GB)	28329328   (13.51GB)	76524878   (36.49GB)	Act Boot Sys        	Primary		2048           		104856254      (6526,254,63)		0           (0,32,33)			8		NAME51
0	2		H:		NTFS(3.1)   	129580289  (61.79GB)	74219040   (35.39GB)	55361249   (26.40GB)	None                	Primary		104856255      		234436544      (14592,254,63)		0           (6527,0,1)			8		NAME55_SSD

1	0		*:		Unallocated 	156245904  (74.50GB)	0          (0KB)	156245904  (74.50GB)	None                	Logical		0              		156245903      (9725,218,45)		0           (0,0,1)			0		

2	0		*:		Unallocated 	16065      (7.84MB)	0          (0KB)	16065      (7.84MB)	None                	Logical		0              		16064          (0,254,63)		0           (0,0,1)			0		
2	1		X:		NTFS(3.1)   	71665901   (34.17GB)	43285480   (20.64GB)	28380421   (13.53GB)	None                	Logical		16128          		71682029       (4461,254,63)		16065       (1,0,1)			8		NAME51_SSUNG500
2	2		D:		NTFS(3.1)   	905069906  (431.57GB)	863898296  (411.94GB)	41171610   (19.63GB)	None                	Logical		71682093       		976751999      (60799,254,63)		71682030    (4462,0,1)			8		NAME52
2	0		*:		Unallocated 	17072      (8.34MB)	0          (0KB)	17072      (8.34MB)	None                	Logical		976752000      		976769071      (60801,15,62)		976752000   (60800,0,1)			0		

================================================================
AOMEI Partition Assistant Is Working...
 
[0       ]MainFrm.cpp(3794): Download upgrade file failed.
[0       ]Utility.cpp(1975): Query CurrentBuild error.
[2       ]bIsVista return code: 0x00000000, Utility.cpp(1999).
[2       ]IsWin10_1703() return code: 0x00000000, Utility.cpp(2015).

==========================User Operations==============================
1.Migrate OS to SSD
	Source Disk Number:	1
	Destination Disk Number:2
	Drive Letter:		C: => P:
	Size:			50.00GB => 50.00GB

=======================================================================

[2       ]ApplyShowDlg.cpp(1051): Restart computer to complete this operations.
[0       ]bIsVista return code: 0x00000000, Utility.cpp(1999).
[2       ]IsWin10_1703() return code: 0x00000000, Utility.cpp(2015).

==========================User Operations==============================
1.Migrate OS to SSD
	Source Disk Number:	1
	Destination Disk Number:2
	Drive Letter:		C: => P:
	Size:			50.00GB => 50.00GB

=======================================================================

[2       ]ApplyShowDlg.cpp(1051): Restart computer to complete this operations.
